0 info it worked if it ends with ok
1 verbose cli [ 'D:\\nodejs\\node\\node.exe',
1 verbose cli   'D:\\nodejs\\node\\node_modules\\npm\\bin\\npm-cli.js',
1 verbose cli   'run',
1 verbose cli   'dev' ]
2 info using npm@3.10.9
3 info using node@v6.9.2
4 verbose run-script [ 'predev', 'dev', 'postdev' ]
5 info lifecycle manage-system@1.0.0~predev: manage-system@1.0.0
6 silly lifecycle manage-system@1.0.0~predev: no script for predev, continuing
7 info lifecycle manage-system@1.0.0~dev: manage-system@1.0.0
8 verbose lifecycle manage-system@1.0.0~dev: unsafe-perm in lifecycle true
9 verbose lifecycle manage-system@1.0.0~dev: PATH: D:\nodejs\node\node_modules\npm\bin\node-gyp-bin;C:\Users\wenju\Desktop\webAdmin\node_modules\.bin;C:\ProgramData\Oracle\Java\javapath;C:\Windows\system32;C:\Windows;C:\Windows\System32\Wbem;C:\Windows\System32\WindowsPowerShell\v1.0\;C:\Program Files (x86)\Microsoft SQL Server\100\Tools\Binn\;C:\Program Files\Microsoft SQL Server\100\Tools\Binn\;C:\Program Files\Microsoft SQL Server\100\DTS\Binn\;C:\Program Files\Java\jdk1.8.0_101\bin;C:\Program Files\Lenovo\Bluetooth Software\;C:\Program Files\Lenovo\Bluetooth Software\syswow64;D:\nodejs\node\;D:\mysql\mysql-5.7.16-winx64\bin;C:\Program Files\Microsoft\Web Platform Installer\;C:\Program Files (x86)\Microsoft ASP.NET\ASP.NET Web Pages\v1.0\;C:\Program Files (x86)\Windows Kits\8.0\Windows Performance Toolkit\;C:\Program Files\Microsoft SQL Server\110\Tools\Binn\;C:\Users\wenju\AppData\Local\Programs\Python\Python35\Scripts\;C:\Users\wenju\AppData\Local\Programs\Python\Python35\;C:\Users\wenju\AppData\Local\Microsoft\WindowsApps;D:\mysql\mysql-5.6.33-winx64\bin;C:\Program Files (x86)\SSH Communications Security\SSH Secure Shell;C:\Users\wenju\AppData\Roaming\npm;D:\vscode2017\vscode\Microsoft VS Code\bin
10 verbose lifecycle manage-system@1.0.0~dev: CWD: C:\Users\wenju\Desktop\webAdmin
11 silly lifecycle manage-system@1.0.0~dev: Args: [ '/d /s /c', 'node build/dev-server.js' ]
12 verbose stack Error: kill ENOSYS
12 verbose stack     at exports._errnoException (util.js:1022:11)
12 verbose stack     at process.kill (internal/process.js:172:13)
12 verbose stack     at process.listener (D:\nodejs\node\node_modules\npm\node_modules\npmlog\node_modules\gauge\node_modules\signal-exit\index.js:86:15)
12 verbose stack     at emitNone (events.js:91:20)
12 verbose stack     at process.emit (events.js:185:7)
12 verbose stack     at processEmit (D:\nodejs\node\node_modules\npm\node_modules\npmlog\node_modules\gauge\node_modules\signal-exit\index.js:146:32)
12 verbose stack     at processEmit (D:\nodejs\node\node_modules\npm\node_modules\npm-registry-client\node_modules\npmlog\node_modules\gauge\node_modules\signal-exit\index.js:146:32)
12 verbose stack     at Signal.wrap.onsignal (internal/process.js:199:44)
13 verbose cwd C:\Users\wenju\Desktop\webAdmin\build
14 error Windows_NT 10.0.14393
15 error argv "D:\\nodejs\\node\\node.exe" "D:\\nodejs\\node\\node_modules\\npm\\bin\\npm-cli.js" "run" "dev"
16 error node v6.9.2
17 error npm  v3.10.9
18 error code ENOSYS
19 error errno ENOSYS
20 error syscall kill
21 error kill ENOSYS
22 error If you need help, you may report this error at:
22 error     <https://github.com/npm/npm/issues>
23 verbose exit [ 1, true ]
